<?xml version="1.0" encoding="UTF-8"?>
<!-- Generated by org.testng.reporters.JUnitReportReporter -->
<testsuite hostname="Satheesh" failures="0" tests="3" name="testCase.TC_002_DDT" time="7.782" errors="0" timestamp="2025-05-03T14:31:29 IST" skipped="0">
  <testcase classname="testCase.TC_002_DDT" name="verify_login" time="1.197"/>
  <system-out/>
  <testcase classname="testCase.TC_002_DDT" name="verify_login" time="1.985"/>
  <system-out/>
  <testcase classname="testCase.TC_002_DDT" name="verify_login" time="4.600"/>
  <system-out/>
</testsuite> <!-- testCase.TC_002_DDT -->
