<?xml version="1.0" encoding="UTF-8"?>
<!-- Generated by org.testng.reporters.JUnitReportReporter -->
<testsuite hostname="Satheesh" failures="0" tests="5" name="testCase.TC_003_EntoEnd" time="13.636" errors="0" timestamp="2025-07-05T15:52:20 IST" skipped="0">
  <testcase classname="testCase.TC_003_EntoEnd" name="login" time="2.663"/>
  <system-out/>
  <testcase classname="testCase.TC_003_EntoEnd" name="search_product" time="5.347"/>
  <system-out/>
  <testcase classname="testCase.TC_003_EntoEnd" name="add_to_cart" time="1.556"/>
  <system-out/>
  <testcase classname="testCase.TC_003_EntoEnd" name="checkout" time="0.924"/>
  <system-out/>
  <testcase classname="testCase.TC_003_EntoEnd" name="payment" time="3.146"/>
  <system-out/>
</testsuite> <!-- testCase.TC_003_EntoEnd -->
