<?xml version="1.0" encoding="UTF-8"?>
<!-- Generated by org.testng.reporters.JUnitReportReporter -->
<testsuite hostname="Satheesh" failures="0" tests="3" name="testCase.TC002_DDT" time="7.824" errors="0" timestamp="2025-04-27T21:35:01 IST" skipped="0">
  <testcase classname="testCase.TC002_DDT" name="verify_login" time="4.364"/>
  <system-out/>
  <testcase classname="testCase.TC002_DDT" name="verify_login" time="1.751"/>
  <system-out/>
  <testcase classname="testCase.TC002_DDT" name="verify_login" time="1.709"/>
  <system-out/>
</testsuite> <!-- testCase.TC002_DDT -->
