<?xml version="1.0" encoding="UTF-8"?>
<!-- Generated by org.testng.reporters.JUnitReportReporter -->
<testsuite hostname="Satheesh" failures="0" tests="5" name="testCase.TC_003_EntoEnd" time="16.918" errors="0" timestamp="2025-05-03T16:49:49 IST" skipped="0">
  <testcase classname="testCase.TC_003_EntoEnd" name="login" time="3.825"/>
  <system-out/>
  <testcase classname="testCase.TC_003_EntoEnd" name="search_product" time="5.997"/>
  <system-out/>
  <testcase classname="testCase.TC_003_EntoEnd" name="add_to_cart" time="2.665"/>
  <system-out/>
  <testcase classname="testCase.TC_003_EntoEnd" name="checkout" time="1.755"/>
  <system-out/>
  <testcase classname="testCase.TC_003_EntoEnd" name="payment" time="2.676"/>
  <system-out/>
</testsuite> <!-- testCase.TC_003_EntoEnd -->
