<?xml version="1.0" encoding="UTF-8"?>
<!-- Generated by org.testng.reporters.JUnitReportReporter -->
<testsuite hostname="Satheesh" failures="0" tests="1" name="testCase.TC_001_Verify_the_register" time="13.193" errors="0" timestamp="2025-05-03T14:31:29 IST" skipped="0">
  <testcase classname="testCase.TC_001_Verify_the_register" name="Register" time="13.193"/>
  <system-out/>
</testsuite> <!-- testCase.TC_001_Verify_the_register -->
