<?xml version="1.0" encoding="UTF-8"?>
<!-- Generated by org.testng.reporters.JUnitReportReporter -->
<testsuite hostname="Satheesh" failures="0" tests="5" name="testCase.TC_003_EntoEnd" time="12.491" errors="0" timestamp="2025-07-05T16:14:21 IST" skipped="0">
  <testcase classname="testCase.TC_003_EntoEnd" name="login" time="0.207"/>
  <testcase classname="testCase.TC_003_EntoEnd" name="search_product" time="7.328"/>
  <testcase classname="testCase.TC_003_EntoEnd" name="add_to_cart" time="1.389"/>
  <testcase classname="testCase.TC_003_EntoEnd" name="checkout" time="0.916"/>
  <testcase classname="testCase.TC_003_EntoEnd" name="payment" time="2.651"/>
</testsuite> <!-- testCase.TC_003_EntoEnd -->
