<?xml version="1.0" encoding="UTF-8"?>
<!-- Generated by org.testng.reporters.JUnitReportReporter -->
<testsuite hostname="Satheesh" failures="0" tests="5" name="testCase.TC_003_EntoEnd" time="18.098" errors="0" timestamp="2025-06-28T13:53:17 IST" skipped="0">
  <testcase classname="testCase.TC_003_EntoEnd" name="login" time="5.460"/>
  <testcase classname="testCase.TC_003_EntoEnd" name="search_product" time="5.795"/>
  <testcase classname="testCase.TC_003_EntoEnd" name="add_to_cart" time="1.425"/>
  <testcase classname="testCase.TC_003_EntoEnd" name="checkout" time="2.575"/>
  <testcase classname="testCase.TC_003_EntoEnd" name="payment" time="2.843"/>
</testsuite> <!-- testCase.TC_003_EntoEnd -->
